Nhat ky gui mail
--------------------------------------------------------------------
--------------------------------------------------------------------



23.06.2014 - 11:53 Ngay 23-06-2014 gui mail cho tranquang2807@gmail.com THANH CONG

23.06.2014 - 14:06 Ngay 23-06-2014 gui mail cho tranquang2807@gmail.com THANH CONG

23.06.2014 - 14:07 Ngay 23-06-2014 gui mail cho congnghetamviet@gmail.com THANH CONG

23.06.2014 - 14:49 Ngay 23-06-2014 gui mail cho tranquang2807@gmail.com THANH CONG

23.06.2014 - 14:50 Ngay 23-06-2014 gui mail cho congnghetamviet@gmail.com THANH CONG

23.06.2014 - 15:06 Ngay 23-06-2014 gui mail cho congnghetamviet@gmail.com THANH CONG

23.06.2014 - 15:26 Ngay 23-06-2014 gui mail cho congnghetamviet@gmail.com THANH CONG

23.06.2014 - 17:49 Ngay 23-06-2014 gui mail cho congnghetamviet@gmail.com THANH CONG

26.06.2014 - 14:24 Ngay 26-06-2014 gui mail cho congnghetamviet9@gmail.com THANH CONG

26.06.2014 - 16:53 Ngay 26-06-2014 gui mail cho congnghetamviet@gmail.com THANH CONG

26.06.2014 - 16:55 Ngay 26-06-2014 gui mail cho congnghetamviet@gmail.com THANH CONG

01.07.2014 - 14:39 Ngay 01-07-2014 gui mail cho tranquang2807@gmail.com THANH CONG

01.07.2014 - 14:52 Ngay 01-07-2014 gui mail cho congnghetamviet@gmail.com THANH CONG

04.07.2014 - 11:32 Ngay 04-07-2014 gui mail cho congnghetamviet@gmail.com THANH CONG

04.07.2014 - 11:35 Ngay 04-07-2014 gui mail cho congnghetamviet11@gmail.com THANH CONG

30.07.2014 - 09:01 Ngay 30-07-2014 gui mail cho congnghetamviet7@gmail.com THANH CONG

30.07.2014 - 09:04 Ngay 30-07-2014 gui mail cho congnghetamviet7@gmail.com THANH CONG

06.08.2014 - 15:07 Ngay 06-08-2014 gui mail cho phamvanhuong@gmail.com THANH CONG

06.08.2014 - 15:08 Ngay 06-08-2014 gui mail cho phamvanhuong@gmail.com THANH CONG

06.08.2014 - 15:10 Ngay 06-08-2014 gui mail cho phamvanhuong.hd@gmail.com THANH CONG

06.08.2014 - 15:11 Ngay 06-08-2014 gui mail cho phamvanhuong.hd@gmail.com THANH CONG

06.08.2014 - 15:12 Ngay 06-08-2014 gui mail cho phamvanhuong.hd@gmail.com THANH CONG

06.08.2014 - 15:13 Ngay 06-08-2014 gui mail cho phamvanhuong.hd@gmail.com THANH CONG

06.08.2014 - 15:17 Ngay 06-08-2014 gui mail cho phamvanhuong.hd@gmail.com THANH CONG

06.08.2014 - 15:20 Ngay 06-08-2014 gui mail cho phamvanhuong.hd@gmail.com THANH CONG

06.08.2014 - 15:20 Ngay 06-08-2014 gui mail cho phamvanhuong.hd@gmail.com THANH CONG

06.08.2014 - 15:22 Ngay 06-08-2014 gui mail cho phamvanhuong.hd@gmail.com THANH CONG

06.08.2014 - 15:23 Ngay 06-08-2014 gui mail cho phamvanhuong.hd@gmail.com THANH CONG

06.08.2014 - 15:23 Ngay 06-08-2014 gui mail cho phamvanhuong.hd@gmail.com THANH CONG

06.08.2014 - 15:24 Ngay 06-08-2014 gui mail cho phamvanhuong.hd@gmail.com THANH CONG

06.08.2014 - 15:24 Ngay 06-08-2014 gui mail cho phamvanhuong.hd@gmail.com THANH CONG

06.08.2014 - 15:28 Ngay 06-08-2014 gui mail cho phamvanhuong.hd@gmail.com THANH CONG

06.08.2014 - 15:29 Ngay 06-08-2014 gui mail cho phamvanhuong.hd@gmail.com THANH CONG

06.08.2014 - 15:41 Ngay 06-08-2014 gui mail cho phamvanhuong.hd@gmail.com THANH CONG

06.08.2014 - 16:39 Ngay 06-08-2014 gui mail cho phamvanhuong.hd@gmail.com THANH CONG

06.08.2014 - 16:44 Ngay 06-08-2014 gui mail cho phamvanhuong.hd@gmail.com THANH CONG

06.08.2014 - 16:53 Ngay 06-08-2014 gui mail cho phamvanhuong.hd@gmail.com THANH CONG

06.08.2014 - 17:09 Ngay 06-08-2014 gui mail cho phamvanhuong.hd@gmail.com THANH CONG

06.08.2014 - 17:09 Ngay 06-08-2014 gui mail cho phamvanhuong.hd@gmail.com THANH CONG

06.08.2014 - 17:27 Ngay 06-08-2014 gui mail cho phamvanhuong.hd@gmail.com THANH CONG

06.08.2014 - 17:35 Ngay 06-08-2014 gui mail cho haoxaquetoi@gmail.com THANH CONG

06.08.2014 - 17:45 Ngay 06-08-2014 gui mail cho haoxaquetoi@gmail.com THANH CONG

06.08.2014 - 17:45 Ngay 06-08-2014 gui mail cho haoxaquetoi@gmail.com THANH CONG

06.08.2014 - 17:45 Ngay 06-08-2014 gui mail cho haoxaquetoi@gmail.com THANH CONG

06.08.2014 - 17:48 Ngay 06-08-2014 gui mail cho phamvanhuong.hd@gmail.com THANH CONG

07.08.2014 - 11:08 Ngay 07-08-2014 gui mail cho huong@gmail.com THANH CONG

07.08.2014 - 11:09 Ngay 07-08-2014 gui mail cho haoxaquetoi@gmail.com THANH CONG

07.08.2014 - 11:11 Ngay 07-08-2014 gui mail cho aa@gmail.com THANH CONG

07.08.2014 - 14:12 Ngay 07-08-2014 gui mail cho phamvanhuong.it@gmail.com THANH CONG

08.08.2014 - 15:36 Ngay 08-08-2014 gui mail cho sdfs222df@gmail.com THANH CONG

08.08.2014 - 15:36 Ngay 08-08-2014 gui mail cho sd111111fsdf@gmail.com THANH CONG

08.08.2014 - 16:01 Ngay 08-08-2014 gui mail cho phamvanhuong.hd@gmail.com THANH CONG

08.08.2014 - 17:46 Ngay 08-08-2014 gui mail cho phamvanhuong.hd@gmail.com THANH CONG

08.08.2014 - 17:52 Ngay 08-08-2014 gui mail cho phamvanhuong.hd@gmail.com THANH CONG

08.08.2014 - 17:53 Ngay 08-08-2014 gui mail cho phamvanhuong.hd@gmail.com THANH CONG

08.08.2014 - 18:05 Ngay 08-08-2014 gui mail cho phamvanhuong.hd@gmail.com THANH CONG

11.08.2014 - 10:31 Ngay 11-08-2014 gui mail cho phamvanhuong.hd@gmail.com THANH CONG

11.08.2014 - 10:43 Ngay 11-08-2014 gui mail cho phamvanhuong.hd@gmail.com THANH CONG

11.08.2014 - 10:44 Ngay 11-08-2014 gui mail cho phamvanhuong.hd@gmail.com THANH CONG

11.08.2014 - 10:45 Ngay 11-08-2014 gui mail cho phamvanhuong.hd@gmail.com THANH CONG

11.08.2014 - 10:45 Ngay 11-08-2014 gui mail cho phamvanhuong.hd@gmail.com THANH CONG

11.08.2014 - 10:47 Ngay 11-08-2014 gui mail cho phamvanhuong.hd@gmail.com THANH CONG

11.08.2014 - 10:51 Ngay 11-08-2014 gui mail cho phamvanhuong.hd@gmail.com THANH CONG

11.08.2014 - 10:52 Ngay 11-08-2014 gui mail cho phamvanhuong.hd@gmail.com THANH CONG

11.08.2014 - 10:54 Ngay 11-08-2014 gui mail cho phamvanhuong.hd@gmail.com THANH CONG

11.08.2014 - 10:58 Ngay 11-08-2014 gui mail cho phamvanhuong.hd@gmail.com THANH CONG

11.08.2014 - 11:00 Ngay 11-08-2014 gui mail cho phamvanhuong.hd@gmail.com THANH CONG

11.08.2014 - 11:01 Ngay 11-08-2014 gui mail cho phamvanhuong.hd@gmail.com THANH CONG

11.08.2014 - 11:02 Ngay 11-08-2014 gui mail cho phamvanhuong.hd@gmail.com THANH CONG

11.08.2014 - 14:43 Ngay 11-08-2014 gui mail cho phamvanhuong.hd@gmail.com THANH CONG

12.08.2014 - 09:07 Ngay 12-08-2014 gui mail cho phamvanhuong.hd@gmail.com THANH CONG

12.08.2014 - 09:11 Ngay 12-08-2014 gui mail cho phamvanhuong.hd@gmail.com THANH CONG

12.08.2014 - 09:13 Ngay 12-08-2014 gui mail cho phamvanhuong.hd@gmail.com THANH CONG

12.08.2014 - 09:14 Ngay 12-08-2014 gui mail cho phamvanhuong.hd@gmail.com THANH CONG

13.08.2014 - 09:52 Ngay 13-08-2014 gui mail cho phamvanhuong.hd@gmail.com THANH CONG

13.08.2014 - 14:30 Ngay 13-08-2014 gui mail cho congnghetamviet@gmail.com THANH CONG

13.08.2014 - 14:31 Ngay 13-08-2014 gui mail cho congnghetamviet@gmail.com THANH CONG

13.08.2014 - 16:04 Ngay 13-08-2014 gui mail cho congnghetamviet@gmail.com THANH CONG

13.08.2014 - 16:06 Ngay 13-08-2014 gui mail cho congnghetamviet@gmail.com THANH CONG

15.08.2014 - 16:10 Ngay 15-08-2014 gui mail cho phamvanhuong.hd@gmail.com THANH CONG

15.08.2014 - 16:15 Ngay 15-08-2014 gui mail cho haoxaquetoi@gmail.com THANH CONG

15.08.2014 - 17:19 Ngay 15-08-2014 gui mail cho haoxaquetoi@gmail.com THANH CONG

19.08.2014 - 13:44 Ngay 19-08-2014 gui mail cho phamvanhuong.it@gmail.com THANH CONG

29.08.2014 - 13:26 Ngay 29-08-2014 gui mail cho tranquang2807@gmail.com THANH CONG

29.08.2014 - 13:51 Ngay 29-08-2014 gui mail cho tranquang2807@gmail.com THANH CONG

29.08.2014 - 15:38 Ngay 29-08-2014 gui mail cho tranquang2807@gmail.com THANH CONG

29.08.2014 - 15:41 Ngay 29-08-2014 gui mail cho tranquang2807@gmail.com THANH CONG

29.08.2014 - 15:44 Ngay 29-08-2014 gui mail cho tranquang2807@gmail.com THANH CONG

29.08.2014 - 17:23 Ngay 29-08-2014 gui mail cho emailtpbacgiang@gmail.com THANH CONG

08.09.2014 - 17:39 Ngay 08-09-2014 gui mail cho tranquang2807@gmail.com THANH CONG

08.09.2014 - 17:40 Ngay 08-09-2014 gui mail cho phamvanhuong.hd@gmail.com THANH CONG

10.09.2014 - 04:34 Ngay 10-09-2014 gui mail cho emailsogiaoduc@gmail.com THANH CONG

10.09.2014 - 04:54 Ngay 10-09-2014 gui mail cho emailsogiaoduc@gmail.com THANH CONG

10.09.2014 - 11:47 Ngay 10-09-2014 gui mail cho emailsogiaoduc@gmail.com THANH CONG

01.10.2014 - 15:22 Ngay 01-10-2014 gui mail cho phamvanhuong.hd@gmail.com THANH CONG

01.10.2014 - 15:39 Ngay 01-10-2014 gui mail cho phamvanhuong.hd@gmail.com THANH CONG

01.10.2014 - 15:48 Ngay 01-10-2014 gui mail cho phamvanhuong.hd@gmail.com THANH CONG

01.10.2014 - 15:56 Ngay 01-10-2014 gui mail cho haoxaquetoi@gmail.com THANH CONG

01.10.2014 - 15:58 Ngay 01-10-2014 gui mail cho haoxaquetoi@gmail.com THANH CONG

01.10.2014 - 16:04 Ngay 01-10-2014 gui mail cho haoxaquetoi@gmail.com THANH CONG

02.10.2014 - 08:59 Ngay 02-10-2014 gui mail cho phamvanhuong.hd@gmail.com THANH CONG

02.10.2014 - 09:08 Ngay 02-10-2014 gui mail cho phamvanhuong.hd@gmail.com THANH CONG

02.10.2014 - 09:11 Ngay 02-10-2014 gui mail cho phamvanhuong.hd@gmail.com THANH CONG

02.10.2014 - 09:15 Ngay 02-10-2014 gui mail cho phamvanhuong.hd@gmail.com THANH CONG

02.10.2014 - 09:15 Ngay 02-10-2014 gui mail cho phamvanhuong.hd@gmail.com THANH CONG

02.10.2014 - 10:14 Ngay 02-10-2014 gui mail cho phamvanhuong.hd@gmail.com THANH CONG

02.10.2014 - 10:14 Ngay 02-10-2014 gui mail cho phamvanhuong.hd@gmail.com THANH CONG

02.10.2014 - 13:15 Ngay 02-10-2014 gui mail cho phamvanhuong.hd@gmail.com THANH CONG

02.10.2014 - 13:38 Ngay 02-10-2014 gui mail cho phamvanhuong.hd@gmail.com THANH CONG

02.10.2014 - 13:55 Ngay 02-10-2014 gui mail cho haoxaquetoi@gmail.com THANH CONG

02.10.2014 - 14:05 Ngay 02-10-2014 gui mail cho phamvanhuong.hd@gmail.com THANH CONG

02.10.2014 - 16:02 Ngay 02-10-2014 gui mail cho phamvanhuong.hd@gmail.com THANH CONG

02.10.2014 - 16:10 Ngay 02-10-2014 gui mail cho phamvanhuong.hd@gmail.com THANH CONG

02.10.2014 - 16:12 Ngay 02-10-2014 gui mail cho phamvanhuong.hd@gmail.com THANH CONG

02.10.2014 - 16:12 Ngay 02-10-2014 gui mail cho phamvanhuong.hd@gmail.com THANH CONG

02.10.2014 - 16:55 Ngay 02-10-2014 gui mail cho phamvanhuong.hd@gmail.com THANH CONG

06.10.2014 - 14:28 Ngay 06-10-2014 gui mail cho emailtpbacgiang@gmail.com THANH CONG

14.01.2015 - 16:29 Ngay 14-01-2015 gui mail cho tranquang2807@gmail.com THANH CONG

14.01.2015 - 16:47 Ngay 14-01-2015 gui mail cho tranquang2807@gmail.com THANH CONG

24.04.2015 - 15:11 Ngay 24-04-2015 gui mail cho linhnguyen6968@gmail.com THANH CONG

06.05.2015 - 16:34 Ngay 06-05-2015 gui mail cho phamvanhuong.hd@gmail.com THANH CONG

07.05.2015 - 14:06 Ngay 07-05-2015 gui mail cho haoxaquetoi@gmail.com THANH CONG

07.05.2015 - 15:29 Ngay 07-05-2015 gui mail cho emailcamxuyen@gmail.com THANH CONG

07.05.2015 - 15:31 Ngay 07-05-2015 gui mail cho emailcamxuyen@gmail.com THANH CONG

07.05.2015 - 15:59 Ngay 07-05-2015 gui mail cho emailcamxuyen@gmail.com THANH CONG

07.05.2015 - 16:02 Ngay 07-05-2015 gui mail cho emailcamxuyen@gmail.com THANH CONG

08.05.2015 - 10:09 Ngay 08-05-2015 gui mail cho hienthangtop@gmail.com THANH CONG

08.05.2015 - 10:32 Ngay 08-05-2015 gui mail cho testerpro.t1409l@gmail.com THANH CONG

09.05.2015 - 09:57 Ngay 09-05-2015 gui mail cho emailcanloc@gmail.com THANH CONG

09.05.2015 - 10:03 Ngay 09-05-2015 gui mail cho emailcanloc@gmail.com THANH CONG

09.05.2015 - 10:08 Ngay 09-05-2015 gui mail cho emailcanloc@gmail.com THANH CONG

09.05.2015 - 10:11 Ngay 09-05-2015 gui mail cho emailcanloc@gmail.com THANH CONG

09.05.2015 - 10:15 Ngay 09-05-2015 gui mail cho emailcamxuyen@gmail.com THANH CONG

09.05.2015 - 10:15 Ngay 09-05-2015 gui mail cho emailcamxuyen@gmail.com THANH CONG

09.05.2015 - 10:17 Ngay 09-05-2015 gui mail cho emailcamxuyen@gmail.com THANH CONG

09.05.2015 - 10:21 Ngay 09-05-2015 gui mail cho emailcamxuyen@gmail.com THANH CONG

09.05.2015 - 10:22 Ngay 09-05-2015 gui mail cho emailcamxuyen@gmail.com THANH CONG

09.05.2015 - 10:24 Ngay 09-05-2015 gui mail cho emailcamxuyen@gmail.com THANH CONG

09.05.2015 - 10:27 Ngay 09-05-2015 gui mail cho emailcamxuyen@gmail.com THANH CONG

09.05.2015 - 10:29 Ngay 09-05-2015 gui mail cho emailcamxuyen@gmail.com THANH CONG

09.05.2015 - 10:33 Ngay 09-05-2015 gui mail cho emailcamxuyen@gmail.com THANH CONG

09.05.2015 - 10:38 Ngay 09-05-2015 gui mail cho tranquang2807@gmail.com THANH CONG

09.05.2015 - 11:01 Ngay 09-05-2015 gui mail cho tranquang2807@gmail.com THANH CONG

09.05.2015 - 11:34 Ngay 09-05-2015 gui mail cho tranquang2807@gmail.com THANH CONG

09.05.2015 - 11:40 Ngay 09-05-2015 gui mail cho tranquang2807@gmail.com THANH CONG

09.05.2015 - 11:54 Ngay 09-05-2015 gui mail cho tranquang2807@gmail.com THANH CONG

09.05.2015 - 11:59 Ngay 09-05-2015 gui mail cho tranquang2807@gmail.com THANH CONG

09.05.2015 - 12:03 Ngay 09-05-2015 gui mail cho tranquang2807@gmail.com THANH CONG

09.05.2015 - 13:14 Ngay 09-05-2015 gui mail cho tranquang2807@gmail.com THANH CONG

09.05.2015 - 13:39 Ngay 09-05-2015 gui mail cho tranquang2807@gmail.com THANH CONG

09.05.2015 - 14:14 Ngay 09-05-2015 gui mail cho tranquang2807@gmail.com THANH CONG

09.05.2015 - 14:25 Ngay 09-05-2015 gui mail cho tranquang2807@gmail.com THANH CONG

09.05.2015 - 15:48 Ngay 09-05-2015 gui mail cho tranquang2807@gmail.com THANH CONG

09.05.2015 - 15:50 Ngay 09-05-2015 gui mail cho tranquang2807@gmail.com THANH CONG

09.05.2015 - 15:56 Ngay 09-05-2015 gui mail cho tranquang2807@gmail.com THANH CONG

09.05.2015 - 15:58 Ngay 09-05-2015 gui mail cho tranquang2807@gmail.com THANH CONG

09.05.2015 - 16:00 Ngay 09-05-2015 gui mail cho tranquang2807@gmail.com THANH CONG

09.05.2015 - 16:04 Ngay 09-05-2015 gui mail cho tranquang2807@gmail.com THANH CONG

09.05.2015 - 16:22 Ngay 09-05-2015 gui mail cho tranquang2807@gmail.com THANH CONG

02.07.2015 - 12:08 Ngay 02-07-2015 gui mail cho motcua.tamviettech@gmail.com THANH CONG

02.07.2015 - 12:09 Ngay 02-07-2015 gui mail cho motcua.tamviettech@gmail.com THANH CONG

02.07.2015 - 12:10 Ngay 02-07-2015 gui mail cho htcanloc@gmail.com THANH CONG
